<?xml version="1.0" encoding="UTF-8"?>
<testsuites name="testSuiteForDealerNSTP" time="297.268" tests="11" failures="0" errors="0">
   <testsuite name="testSuiteForDealerNSTP" tests="11" failures="0" errors="0" time="297.268" skipped="0" timestamp="27-06-2024T16:48:14" hostname="Adarsh.Lohar - QKNBK2037.qkcorp.qualitykiosk.com" id="Test Suites/DigitalFlows/DigitalNSTPVouchingMRAC/testSuiteForDealerNSTP">
      <properties>
         <property name="deviceName" value=""/>
         <property name="devicePlatform"/>
         <property name="logFolder" value="D:\\newRCBCProject\\RCBCLOS_Automation\\Reports\\20240627_164728\\DigitalFlows\\DigitalNSTPVouchingMRAC\\testSuiteForDealerNSTP\\20240627_164733"/>
         <property name="logFiles" value="D:\\newRCBCProject\\RCBCLOS_Automation\\Reports\\20240627_164728\\DigitalFlows\\DigitalNSTPVouchingMRAC\\testSuiteForDealerNSTP\\20240627_164733\\execution0.log"/>
         <property name="attachments" value="D:\\newRCBCProject\\RCBCLOS_Automation\\Reports\\20240627_164728\\DigitalFlows\\DigitalNSTPVouchingMRAC\\testSuiteForDealerNSTP\\20240627_164733\\Screenshots/Portal27_06_2404_48_38/Regression27_06_24_04_48_39.jpg, D:\\newRCBCProject\\RCBCLOS_Automation\\Reports\\20240627_164728\\DigitalFlows\\DigitalNSTPVouchingMRAC\\testSuiteForDealerNSTP\\20240627_164733\\1719487127886.png, D:\\newRCBCProject\\RCBCLOS_Automation\\Reports\\20240627_164728\\DigitalFlows\\DigitalNSTPVouchingMRAC\\testSuiteForDealerNSTP\\20240627_164733\\Screenshots/Portal27_06_2404_49_01/Regression27_06_24_04_49_02.jpg, D:\\newRCBCProject\\RCBCLOS_Automation\\Reports\\20240627_164728\\DigitalFlows\\DigitalNSTPVouchingMRAC\\testSuiteForDealerNSTP\\20240627_164733\\Screenshots/Portal27_06_2404_49_01/Regression27_06_24_04_49_09.jpg, D:\\newRCBCProject\\RCBCLOS_Automation\\Reports\\20240627_164728\\DigitalFlows\\DigitalNSTPVouchingMRAC\\testSuiteForDealerNSTP\\20240627_164733\\Screenshots/Portal27_06_2404_49_01/Regression27_06_24_04_49_17.jpg, D:\\newRCBCProject\\RCBCLOS_Automation\\Reports\\20240627_164728\\DigitalFlows\\DigitalNSTPVouchingMRAC\\testSuiteForDealerNSTP\\20240627_164733\\Screenshots/Portal27_06_2404_49_01/Regression27_06_24_04_49_26.jpg, D:\\newRCBCProject\\RCBCLOS_Automation\\Reports\\20240627_164728\\DigitalFlows\\DigitalNSTPVouchingMRAC\\testSuiteForDealerNSTP\\20240627_164733\\Screenshots/Portal27_06_2404_49_01/Regression27_06_24_04_49_53.jpg, D:\\newRCBCProject\\RCBCLOS_Automation\\Reports\\20240627_164728\\DigitalFlows\\DigitalNSTPVouchingMRAC\\testSuiteForDealerNSTP\\20240627_164733\\Screenshots/Portal27_06_2404_49_01/Regression27_06_24_04_50_02.jpg, D:\\newRCBCProject\\RCBCLOS_Automation\\Reports\\20240627_164728\\DigitalFlows\\DigitalNSTPVouchingMRAC\\testSuiteForDealerNSTP\\20240627_164733\\Screenshots/Portal27_06_2404_49_01/Regression27_06_24_04_50_12.jpg, D:\\newRCBCProject\\RCBCLOS_Automation\\Reports\\20240627_164728\\DigitalFlows\\DigitalNSTPVouchingMRAC\\testSuiteForDealerNSTP\\20240627_164733\\Screenshots/Portal27_06_2404_49_01/Regression27_06_24_04_50_25.jpg, D:\\newRCBCProject\\RCBCLOS_Automation\\Reports\\20240627_164728\\DigitalFlows\\DigitalNSTPVouchingMRAC\\testSuiteForDealerNSTP\\20240627_164733\\Screenshots/Portal27_06_2404_49_01/Regression27_06_24_04_50_31.jpg, D:\\newRCBCProject\\RCBCLOS_Automation\\Reports\\20240627_164728\\DigitalFlows\\DigitalNSTPVouchingMRAC\\testSuiteForDealerNSTP\\20240627_164733\\Screenshots/Portal27_06_2404_49_01/Regression27_06_24_04_50_39.jpg, D:\\newRCBCProject\\RCBCLOS_Automation\\Reports\\20240627_164728\\DigitalFlows\\DigitalNSTPVouchingMRAC\\testSuiteForDealerNSTP\\20240627_164733\\Screenshots/Portal27_06_2404_49_01/Regression27_06_24_04_50_47.jpg, D:\\newRCBCProject\\RCBCLOS_Automation\\Reports\\20240627_164728\\DigitalFlows\\DigitalNSTPVouchingMRAC\\testSuiteForDealerNSTP\\20240627_164733\\Screenshots/Portal27_06_2404_49_01/Regression27_06_24_04_50_58.jpg, D:\\newRCBCProject\\RCBCLOS_Automation\\Reports\\20240627_164728\\DigitalFlows\\DigitalNSTPVouchingMRAC\\testSuiteForDealerNSTP\\20240627_164733\\Screenshots/Portal27_06_2404_49_01/Regression27_06_24_04_51_09.jpg, D:\\newRCBCProject\\RCBCLOS_Automation\\Reports\\20240627_164728\\DigitalFlows\\DigitalNSTPVouchingMRAC\\testSuiteForDealerNSTP\\20240627_164733\\Screenshots/Portal27_06_2404_49_01/Regression27_06_24_04_51_16.jpg, D:\\newRCBCProject\\RCBCLOS_Automation\\Reports\\20240627_164728\\DigitalFlows\\DigitalNSTPVouchingMRAC\\testSuiteForDealerNSTP\\20240627_164733\\Screenshots/Portal27_06_2404_49_01/Regression27_06_24_04_51_28.jpg, D:\\newRCBCProject\\RCBCLOS_Automation\\Reports\\20240627_164728\\DigitalFlows\\DigitalNSTPVouchingMRAC\\testSuiteForDealerNSTP\\20240627_164733\\Screenshots/Portal27_06_2404_49_01/Regression27_06_24_04_51_45.jpg, D:\\newRCBCProject\\RCBCLOS_Automation\\Reports\\20240627_164728\\DigitalFlows\\DigitalNSTPVouchingMRAC\\testSuiteForDealerNSTP\\20240627_164733\\Screenshots/Portal27_06_2404_49_01/Regression27_06_24_04_52_06.jpg, D:\\newRCBCProject\\RCBCLOS_Automation\\Reports\\20240627_164728\\DigitalFlows\\DigitalNSTPVouchingMRAC\\testSuiteForDealerNSTP\\20240627_164733\\Screenshots/Portal27_06_2404_49_01/Regression27_06_24_04_52_27.jpg, D:\\newRCBCProject\\RCBCLOS_Automation\\Reports\\20240627_164728\\DigitalFlows\\DigitalNSTPVouchingMRAC\\testSuiteForDealerNSTP\\20240627_164733\\Screenshots/Portal27_06_2404_49_01/Regression27_06_24_04_52_33.jpg, D:\\newRCBCProject\\RCBCLOS_Automation\\Reports\\20240627_164728\\DigitalFlows\\DigitalNSTPVouchingMRAC\\testSuiteForDealerNSTP\\20240627_164733\\Screenshots/Portal27_06_2404_49_01/Regression27_06_24_04_53_03.jpg"/>
         <property name="hostName" value="Adarsh.Lohar - QKNBK2037.qkcorp.qualitykiosk.com"/>
         <property name="os" value="Windows 10 64bit"/>
         <property name="katalonVersion" value="9.5.0.217"/>
         <property name="browser" value="Chrome 126.0.0.0"/>
         <property name="hostAddress" value="10.0.6.77"/>
         <property name="sessionId" value="ca0381c506eb183406cc61b4fe4cbad5"/>
         <property name="seleniumVersion" value="3.141.59"/>
         <property name="proxyInformation" value="ProxyInformation { proxyOption=NO_PROXY, proxyServerType=HTTP, username=, password=********, proxyServerAddress=, proxyServerPort=0, executionList=&quot;&quot;, isApplyToDesiredCapabilities=true }"/>
         <property name="platform" value="Windows 10"/>
      </properties>
      <testcase name="Test Cases/Digital_STPWithAndWithoutAPI/DigitalPotal/LoginPage" time="17.847" classname="Test Cases/Digital_STPWithAndWithoutAPI/DigitalPotal/LoginPage" status="PASSED">
         <system-out><![CDATA[27-06-2024T16:48:50 - [TEST_CASE][PASSED] - Test Cases/Digital_STPWithAndWithoutAPI/DigitalPotal/LoginPage: Test Cases/Digital_STPWithAndWithoutAPI/DigitalPotal/LoginPage

27-06-2024T16:48:50 - [TEST_STEP][PASSED] - loginPage.LoginPage.login_Page(): loginPage.LoginPage.login_Page is PASSED

27-06-2024T16:48:50 - [MESSAGE][WARNING] - A browser is already opened. Closing browser and opening a new one

27-06-2024T16:48:52 - [MESSAGE][INFO] - Starting 'Chrome' driver

27-06-2024T16:48:52 - [MESSAGE][INFO] - User set preference: ['args', '[--incognito]']

27-06-2024T16:48:52 - [MESSAGE][INFO] - Action delay is set to 0 milliseconds

27-06-2024T16:48:54 - [MESSAGE][PASSED] - Browser is opened with url: ''

27-06-2024T16:48:54 - [MESSAGE][PASSED] - Current window maximized

27-06-2024T16:48:55 - [MESSAGE][PASSED] - Navigate to 'https://rcbcuat.nonprodnmc.com/LoanPortal' successfully

27-06-2024T16:49:00 - [MESSAGE][PASSED] - Text 'QK_Dealer7' is set on object 'Object Repository/LoginPage/email'

27-06-2024T16:49:00 - [MESSAGE][PASSED] - Text ****** has been set on object 'Object Repository/LoginPage/password'

27-06-2024T16:49:01 - [MESSAGE][PASSED] - Delayed 1 second(s)

27-06-2024T16:49:02 - [MESSAGE][PASSED] - Delayed 1 second(s)

27-06-2024T16:49:03 - [MESSAGE][PASSED] - Delayed 1 second(s)

27-06-2024T16:49:03 - [MESSAGE][PASSED] - Taking screenshot successfully
[[ATTACHMENT|D:\\newRCBCProject\\RCBCLOS_Automation\\Reports\\20240627_164728\\DigitalFlows\\DigitalNSTPVouchingMRAC\\testSuiteForDealerNSTP\\20240627_164733\\Screenshots/Portal27_06_2404_49_01/Regression27_06_24_04_49_02.jpg]]

27-06-2024T16:49:03 - [MESSAGE][PASSED] - Object: 'Object Repository/LoginPage/log_in' is clicked on

27-06-2024T16:49:06 - [MESSAGE][PASSED] - Object 'Object Repository/HomePage/Auto_Loan_Portal' is present

27-06-2024T16:49:06 - [MESSAGE][INFO] - We are in Home Page

27-06-2024T16:49:06 - [MESSAGE][PASSED] - loginPage.LoginPage.login_Page is PASSED

27-06-2024T16:49:08 - [TEST_STEP][PASSED] - Video: Video recording for test case 'Test Cases/Digital_STPWithAndWithoutAPI/DigitalPotal/LoginPage' .

27-06-2024T16:49:08 - [MESSAGE][INFO] - Video recording for test case 'Test Cases/Digital_STPWithAndWithoutAPI/DigitalPotal/LoginPage' .]]></system-out>
         <system-err><![CDATA[]]></system-err>
      </testcase>
      <testcase name="Test Cases/Digital_STPWithAndWithoutAPI/DigitalPotal/HomePage" time="6.668" classname="Test Cases/Digital_STPWithAndWithoutAPI/DigitalPotal/HomePage" status="PASSED">
         <system-out><![CDATA[27-06-2024T16:49:08 - [TEST_CASE][PASSED] - Test Cases/Digital_STPWithAndWithoutAPI/DigitalPotal/HomePage: Test Cases/Digital_STPWithAndWithoutAPI/DigitalPotal/HomePage

27-06-2024T16:49:08 - [TEST_STEP][PASSED] - homePage.homePage.homepage(): homePage.homePage.homepage is PASSED

27-06-2024T16:49:08 - [MESSAGE][PASSED] - Wait for page load successfully

27-06-2024T16:49:08 - [MESSAGE][PASSED] - Text 'What system would you like to access?' is present on page 

27-06-2024T16:49:08 - [MESSAGE][PASSED] - Object 'Object Repository/HomePage/ManageLoans' is clickable

27-06-2024T16:49:08 - [MESSAGE][PASSED] - Object 'Object Repository/SignOutButton/exitIcon' is clickable

27-06-2024T16:49:09 - [MESSAGE][PASSED] - Delayed 1 second(s)

27-06-2024T16:49:10 - [MESSAGE][PASSED] - Delayed 1 second(s)

27-06-2024T16:49:11 - [MESSAGE][PASSED] - Taking screenshot successfully
[[ATTACHMENT|D:\\newRCBCProject\\RCBCLOS_Automation\\Reports\\20240627_164728\\DigitalFlows\\DigitalNSTPVouchingMRAC\\testSuiteForDealerNSTP\\20240627_164733\\Screenshots/Portal27_06_2404_49_01/Regression27_06_24_04_49_09.jpg]]

27-06-2024T16:49:12 - [MESSAGE][PASSED] - Object: 'Object Repository/HomePage/Auto_Loan_Portal' is clicked on

27-06-2024T16:49:12 - [MESSAGE][PASSED] - Object 'Object Repository/ModeOfApplication/digitalApplication' is present

27-06-2024T16:49:12 - [MESSAGE][INFO] - We are getting two options

27-06-2024T16:49:12 - [MESSAGE][PASSED] - homePage.homePage.homepage is PASSED

27-06-2024T16:49:14 - [TEST_STEP][PASSED] - Video: Video recording for test case 'Test Cases/Digital_STPWithAndWithoutAPI/DigitalPotal/HomePage' .

27-06-2024T16:49:14 - [MESSAGE][INFO] - Video recording for test case 'Test Cases/Digital_STPWithAndWithoutAPI/DigitalPotal/HomePage' .]]></system-out>
         <system-err><![CDATA[]]></system-err>
      </testcase>
      <testcase name="Test Cases/Digital_STPWithAndWithoutAPI/DigitalPotal/SelectAutoLoan" time="9.947" classname="Test Cases/Digital_STPWithAndWithoutAPI/DigitalPotal/SelectAutoLoan" status="PASSED">
         <system-out><![CDATA[27-06-2024T16:49:14 - [TEST_CASE][PASSED] - Test Cases/Digital_STPWithAndWithoutAPI/DigitalPotal/SelectAutoLoan: Test Cases/Digital_STPWithAndWithoutAPI/DigitalPotal/SelectAutoLoan

27-06-2024T16:49:14 - [TEST_STEP][PASSED] - autoLoanProtal.SelectAutoLoan.clickToDigitalApplication(): autoLoanProtal.SelectAutoLoan.clickToDigitalApplication is PASSED

27-06-2024T16:49:15 - [MESSAGE][PASSED] - Wait for page load successfully

27-06-2024T16:49:15 - [MESSAGE][PASSED] - Text 'Mode of Application' is present on page 

27-06-2024T16:49:15 - [MESSAGE][PASSED] - Object 'Object Repository/ModeOfApplication/paperBased' is clickable

27-06-2024T16:49:15 - [MESSAGE][PASSED] - Object 'Object Repository/ModeOfApplication/closeButton' is clickable

27-06-2024T16:49:16 - [MESSAGE][PASSED] - Delayed 1 second(s)

27-06-2024T16:49:17 - [MESSAGE][PASSED] - Delayed 1 second(s)

27-06-2024T16:49:18 - [MESSAGE][PASSED] - Delayed 1 second(s)

27-06-2024T16:49:18 - [MESSAGE][PASSED] - Taking screenshot successfully
[[ATTACHMENT|D:\\newRCBCProject\\RCBCLOS_Automation\\Reports\\20240627_164728\\DigitalFlows\\DigitalNSTPVouchingMRAC\\testSuiteForDealerNSTP\\20240627_164733\\Screenshots/Portal27_06_2404_49_01/Regression27_06_24_04_49_17.jpg]]

27-06-2024T16:49:21 - [MESSAGE][PASSED] - Object: 'Object Repository/ModeOfApplication/digitalApplication' is clicked on

27-06-2024T16:49:22 - [MESSAGE][PASSED] - Delayed 1 second(s)

27-06-2024T16:49:22 - [MESSAGE][PASSED] - Object 'Object Repository/LetsGetStarted/lets_get_started' is present

27-06-2024T16:49:22 - [MESSAGE][INFO] - We are in Right Page

27-06-2024T16:49:22 - [MESSAGE][PASSED] - autoLoanProtal.SelectAutoLoan.clickToDigitalApplication is PASSED

27-06-2024T16:49:24 - [TEST_STEP][PASSED] - Video: Video recording for test case 'Test Cases/Digital_STPWithAndWithoutAPI/DigitalPotal/SelectAutoLoan' .

27-06-2024T16:49:24 - [MESSAGE][INFO] - Video recording for test case 'Test Cases/Digital_STPWithAndWithoutAPI/DigitalPotal/SelectAutoLoan' .]]></system-out>
         <system-err><![CDATA[]]></system-err>
      </testcase>
      <testcase name="Test Cases/Digital_STPWithAndWithoutAPI/DigitalPotal/LetsgetStarted" time="19.973" classname="Test Cases/Digital_STPWithAndWithoutAPI/DigitalPotal/LetsgetStarted" status="PASSED">
         <system-out><![CDATA[27-06-2024T16:49:24 - [TEST_CASE][PASSED] - Test Cases/Digital_STPWithAndWithoutAPI/DigitalPotal/LetsgetStarted: Test Cases/Digital_STPWithAndWithoutAPI/DigitalPotal/LetsgetStarted

27-06-2024T16:49:24 - [TEST_STEP][PASSED] - autoLoanProtal.letsGetStarted.letsGetStartedBtnFun(): autoLoanProtal.letsGetStarted.letsGetStartedBtnFun is PASSED

27-06-2024T16:49:24 - [MESSAGE][PASSED] - Wait for page load successfully

27-06-2024T16:49:25 - [MESSAGE][PASSED] - Text 'Quick & easy Auto Loan Application with RCBC' is present on page 

27-06-2024T16:49:25 - [MESSAGE][PASSED] - Object 'Object Repository/LetsGetStarted/homeButton' is clickable

27-06-2024T16:49:26 - [MESSAGE][PASSED] - Delayed 1 second(s)

27-06-2024T16:49:27 - [MESSAGE][PASSED] - Delayed 1 second(s)

27-06-2024T16:49:27 - [MESSAGE][PASSED] - Taking screenshot successfully
[[ATTACHMENT|D:\\newRCBCProject\\RCBCLOS_Automation\\Reports\\20240627_164728\\DigitalFlows\\DigitalNSTPVouchingMRAC\\testSuiteForDealerNSTP\\20240627_164733\\Screenshots/Portal27_06_2404_49_01/Regression27_06_24_04_49_26.jpg]]

27-06-2024T16:49:32 - [MESSAGE][PASSED] - Object: 'Object Repository/LetsGetStarted/lets_get_started' is clicked on

27-06-2024T16:49:35 - [MESSAGE][PASSED] - Delayed 3 second(s)

27-06-2024T16:49:42 - [MESSAGE][PASSED] - Object 'Object Repository/Loan Details/loanDetail' is present

27-06-2024T16:49:42 - [MESSAGE][INFO] - We are in Loan Detail Page

27-06-2024T16:49:42 - [MESSAGE][PASSED] - autoLoanProtal.letsGetStarted.letsGetStartedBtnFun is PASSED

27-06-2024T16:49:44 - [TEST_STEP][PASSED] - Video: Video recording for test case 'Test Cases/Digital_STPWithAndWithoutAPI/DigitalPotal/LetsgetStarted' .

27-06-2024T16:49:44 - [MESSAGE][INFO] - Video recording for test case 'Test Cases/Digital_STPWithAndWithoutAPI/DigitalPotal/LetsgetStarted' .]]></system-out>
         <system-err><![CDATA[]]></system-err>
      </testcase>
      <testcase name="Test Cases/Digital_STPWithAndWithoutAPI/DigitalPotal/LoanDetails" time="34.857" classname="Test Cases/Digital_STPWithAndWithoutAPI/DigitalPotal/LoanDetails" status="PASSED">
         <system-out><![CDATA[27-06-2024T16:49:44 - [TEST_CASE][PASSED] - Test Cases/Digital_STPWithAndWithoutAPI/DigitalPotal/LoanDetails: Test Cases/Digital_STPWithAndWithoutAPI/DigitalPotal/LoanDetails

27-06-2024T16:49:45 - [TEST_STEP][PASSED] - autoLoanProtal.LoanDetails.loanDetail(brand, unitDescription, loanTerm, downpaymentValue, actualCashOut, insuranceType): autoLoanProtal.LoanDetails.loanDetail is PASSED

27-06-2024T16:49:45 - [MESSAGE][PASSED] - Wait for page load successfully

27-06-2024T16:49:45 - [MESSAGE][PASSED] - Object 'Object Repository/Loan Details/loanDetail' is present

27-06-2024T16:49:45 - [MESSAGE][PASSED] - Object 'Object Repository/Loan Details/Used' is clickable

27-06-2024T16:49:45 - [MESSAGE][PASSED] - Object: 'Object Repository/Loan Details/Brand' is clicked on

27-06-2024T16:49:47 - [MESSAGE][PASSED] - All options with value 'HONDA' are selected in object 'Object Repository/Loan Details/Brand'  using regular expression

27-06-2024T16:49:48 - [MESSAGE][PASSED] - All options with index in [1] are selected on object 'Object Repository/Loan Details/UnitDescription'

27-06-2024T16:49:48 - [MESSAGE][PASSED] - Object: 'Object Repository/Loan Details/LoanTerm' is clicked on

27-06-2024T16:49:50 - [MESSAGE][PASSED] - All options with value 'AL5' are selected in object 'Object Repository/Loan Details/LoanTerm'  using regular expression

27-06-2024T16:49:50 - [MESSAGE][PASSED] - Object: 'Object Repository/Loan Details/DownpaymentValue' is clicked on

27-06-2024T16:49:50 - [MESSAGE][PASSED] - Keys '200000' sent to object: 'Object Repository/Loan Details/DownpaymentValue'

27-06-2024T16:49:51 - [MESSAGE][PASSED] - Keys '50000' sent to object: 'Object Repository/Loan Details/ActualCashOut'

27-06-2024T16:49:52 - [MESSAGE][PASSED] - Delayed 1 second(s)

27-06-2024T16:49:53 - [MESSAGE][PASSED] - Delayed 1 second(s)

27-06-2024T16:49:54 - [MESSAGE][PASSED] - Delayed 1 second(s)

27-06-2024T16:49:54 - [MESSAGE][PASSED] - Taking screenshot successfully
[[ATTACHMENT|D:\\newRCBCProject\\RCBCLOS_Automation\\Reports\\20240627_164728\\DigitalFlows\\DigitalNSTPVouchingMRAC\\testSuiteForDealerNSTP\\20240627_164733\\Screenshots/Portal27_06_2404_49_01/Regression27_06_24_04_49_53.jpg]]

27-06-2024T16:49:54 - [MESSAGE][PASSED] - Object: 'Object Repository/Loan Details/Insurance type' is clicked on

27-06-2024T16:49:55 - [MESSAGE][PASSED] - All options with value 'TID' are selected in object 'Object Repository/Loan Details/Insurance type'  using regular expression

27-06-2024T16:49:57 - [MESSAGE][PASSED] - Delayed 2 second(s)

27-06-2024T16:49:57 - [MESSAGE][PASSED] - Current window's title is: 'Portal : LOS-3539'

27-06-2024T16:49:57 - [MESSAGE][INFO] - LOS-3539

27-06-2024T16:49:58 - [MESSAGE][PASSED] - Object: 'Object Repository/Loan Details/increamentButton' is clicked on

27-06-2024T16:49:58 - [MESSAGE][PASSED] - Attribute 'title' of object 'Object Repository/Loan Details/noOfAdvancePayment' is: '1'

27-06-2024T16:49:59 - [MESSAGE][PASSED] - Object: 'Object Repository/Loan Details/principalRadioBtn' is clicked on

27-06-2024T16:50:00 - [MESSAGE][PASSED] - Object 'Object Repository/Loan Details/amortizationRadioBtn' is clickable

27-06-2024T16:50:00 - [MESSAGE][PASSED] - Object 'Object Repository/Loan Details/autoLoanCheckBox' is not checked

27-06-2024T16:50:01 - [MESSAGE][PASSED] - Delayed 1 second(s)

27-06-2024T16:50:02 - [MESSAGE][PASSED] - Delayed 1 second(s)

27-06-2024T16:50:03 - [MESSAGE][PASSED] - Delayed 1 second(s)

27-06-2024T16:50:03 - [MESSAGE][PASSED] - Taking screenshot successfully
[[ATTACHMENT|D:\\newRCBCProject\\RCBCLOS_Automation\\Reports\\20240627_164728\\DigitalFlows\\DigitalNSTPVouchingMRAC\\testSuiteForDealerNSTP\\20240627_164733\\Screenshots/Portal27_06_2404_49_01/Regression27_06_24_04_50_02.jpg]]

27-06-2024T16:50:03 - [MESSAGE][PASSED] - Object 'Object Repository/Loan Details/Clear Data' is clickable

27-06-2024T16:50:08 - [MESSAGE][PASSED] - Object: 'Object Repository/Loan Details/Calculate' is clicked on

27-06-2024T16:50:10 - [MESSAGE][PASSED] - Delayed 2 second(s)

27-06-2024T16:50:10 - [MESSAGE][PASSED] - Text of object 'Object Repository/Loan Details/monthlyInsurancePremium' is: '₱ 0.00'

27-06-2024T16:50:10 - [MESSAGE][PASSED] - Text of object 'Object Repository/Loan Details/MonthlyAmortization' is: '₱ 44,038.51'

27-06-2024T16:50:10 - [MESSAGE][PASSED] - Text of object 'Object Repository/Loan Details/totalMonthlyAmortization' is: '₱ 44,038.51'

27-06-2024T16:50:10 - [MESSAGE][PASSED] - Object 'Object Repository/Loan Details/monthlyInsurancePremium13Month' is present

27-06-2024T16:50:11 - [MESSAGE][PASSED] - Text of object 'Object Repository/Loan Details/monthlyInsurancePremium13Month' is: '2566.73'

27-06-2024T16:50:12 - [MESSAGE][PASSED] - Delayed 1 second(s)

27-06-2024T16:50:13 - [MESSAGE][PASSED] - Delayed 1 second(s)

27-06-2024T16:50:13 - [MESSAGE][PASSED] - Taking screenshot successfully
[[ATTACHMENT|D:\\newRCBCProject\\RCBCLOS_Automation\\Reports\\20240627_164728\\DigitalFlows\\DigitalNSTPVouchingMRAC\\testSuiteForDealerNSTP\\20240627_164733\\Screenshots/Portal27_06_2404_49_01/Regression27_06_24_04_50_12.jpg]]

27-06-2024T16:50:15 - [MESSAGE][PASSED] - Object: 'Object Repository/Loan Details/Apply Now' is clicked on

27-06-2024T16:50:17 - [MESSAGE][PASSED] - Delayed 2 second(s)

27-06-2024T16:50:17 - [MESSAGE][PASSED] - Object 'Object Repository/Borrower_Details/borrowerInformation' is present

27-06-2024T16:50:17 - [MESSAGE][INFO] - We are in Borrower Detail Page

27-06-2024T16:50:17 - [MESSAGE][PASSED] - autoLoanProtal.LoanDetails.loanDetail is PASSED

27-06-2024T16:50:19 - [TEST_STEP][PASSED] - Video: Video recording for test case 'Test Cases/Digital_STPWithAndWithoutAPI/DigitalPotal/LoanDetails' .

27-06-2024T16:50:19 - [MESSAGE][INFO] - Video recording for test case 'Test Cases/Digital_STPWithAndWithoutAPI/DigitalPotal/LoanDetails' .]]></system-out>
         <system-err><![CDATA[]]></system-err>
      </testcase>
      <testcase name="Test Cases/Digital_NSTP/NSTPPortal/BorrowerDetailNSTP" time="16.587" classname="Test Cases/Digital_NSTP/NSTPPortal/BorrowerDetailNSTP" status="PASSED">
         <system-out><![CDATA[27-06-2024T16:50:19 - [TEST_CASE][PASSED] - Test Cases/Digital_NSTP/NSTPPortal/BorrowerDetailNSTP: Test Cases/Digital_NSTP/NSTPPortal/BorrowerDetailNSTP

27-06-2024T16:50:20 - [TEST_STEP][PASSED] - autoLoanProtal.Borrower_Detail.borrower_DetailsForNSTP(fst_Name, mid_Name, lst_Name, email, mob_Num, date, maritalStatus, suffix, residence): autoLoanProtal.Borrower_Detail.borrower_DetailsForNSTP is PASSED

27-06-2024T16:50:20 - [MESSAGE][PASSED] - Wait for page load successfully

27-06-2024T16:50:20 - [MESSAGE][PASSED] - Object 'Object Repository/Borrower_Details/borrowerInformation' is present

27-06-2024T16:50:20 - [MESSAGE][PASSED] - Text 'Samira' is set on object 'Object Repository/Borrower_Details/first_Name'

27-06-2024T16:50:21 - [MESSAGE][PASSED] - Text 'Pandu' is set on object 'Object Repository/Borrower_Details/middle_Name'

27-06-2024T16:50:22 - [MESSAGE][PASSED] - Text 'Bhidew' is set on object 'Object Repository/Borrower_Details/last_Name'

27-06-2024T16:50:22 - [MESSAGE][PASSED] - Object: 'Object Repository/Borrower_Details/suffix' is clicked on

27-06-2024T16:50:23 - [MESSAGE][PASSED] - All options with value 'SF2' are selected in object 'Object Repository/Borrower_Details/suffix'  using regular expression

27-06-2024T16:50:23 - [MESSAGE][PASSED] - 7 options of object 'Object Repository/Borrower_Details/suffix' counted

27-06-2024T16:50:23 - [MESSAGE][PASSED] - All options with value 'M' are selected in object 'Object Repository/Borrower_Details/marital_Status' 

27-06-2024T16:50:24 - [MESSAGE][PASSED] - Delayed 1 second(s)

27-06-2024T16:50:25 - [MESSAGE][PASSED] - Delayed 1 second(s)

27-06-2024T16:50:26 - [MESSAGE][PASSED] - Delayed 1 second(s)

27-06-2024T16:50:26 - [MESSAGE][PASSED] - Taking screenshot successfully
[[ATTACHMENT|D:\\newRCBCProject\\RCBCLOS_Automation\\Reports\\20240627_164728\\DigitalFlows\\DigitalNSTPVouchingMRAC\\testSuiteForDealerNSTP\\20240627_164733\\Screenshots/Portal27_06_2404_49_01/Regression27_06_24_04_50_25.jpg]]

27-06-2024T16:50:27 - [MESSAGE][PASSED] - Text '26/01/2001' is set on object 'Object Repository/Borrower_Details/date_Of_Birth'

27-06-2024T16:50:27 - [MESSAGE][PASSED] - Text 'mahesh@gmail.com' is set on object 'Object Repository/Borrower_Details/email'

27-06-2024T16:50:28 - [MESSAGE][PASSED] - Text '(63) 9356986567' is set on object 'Object Repository/Borrower_Details/mobile_Number'

27-06-2024T16:50:29 - [MESSAGE][PASSED] - All options with value 'RO002' are selected in object 'Object Repository/Borrower_Details/residence_Ownership_Type' 

27-06-2024T16:50:29 - [MESSAGE][PASSED] - 6 options of object 'Object Repository/Borrower_Details/residence_Ownership_Type' counted

27-06-2024T16:50:30 - [MESSAGE][PASSED] - Delayed 1 second(s)

27-06-2024T16:50:31 - [MESSAGE][PASSED] - Delayed 1 second(s)

27-06-2024T16:50:32 - [MESSAGE][PASSED] - Delayed 1 second(s)

27-06-2024T16:50:33 - [MESSAGE][PASSED] - Taking screenshot successfully
[[ATTACHMENT|D:\\newRCBCProject\\RCBCLOS_Automation\\Reports\\20240627_164728\\DigitalFlows\\DigitalNSTPVouchingMRAC\\testSuiteForDealerNSTP\\20240627_164733\\Screenshots/Portal27_06_2404_49_01/Regression27_06_24_04_50_31.jpg]]

27-06-2024T16:50:33 - [MESSAGE][PASSED] - Object 'Object Repository/Borrower_Details/back' is clickable

27-06-2024T16:50:34 - [MESSAGE][PASSED] - Object: 'Object Repository/Borrower_Details/continue' is clicked on

27-06-2024T16:50:34 - [MESSAGE][PASSED] - Object 'Object Repository/confirmationPage/continueBtn' is present

27-06-2024T16:50:34 - [MESSAGE][INFO] - We are in review loan Detail Page page

27-06-2024T16:50:34 - [MESSAGE][PASSED] - autoLoanProtal.Borrower_Detail.borrower_DetailsForNSTP is PASSED

27-06-2024T16:50:36 - [TEST_STEP][PASSED] - Video: Video recording for test case 'Test Cases/Digital_NSTP/NSTPPortal/BorrowerDetailNSTP' .

27-06-2024T16:50:36 - [MESSAGE][INFO] - Video recording for test case 'Test Cases/Digital_NSTP/NSTPPortal/BorrowerDetailNSTP' .]]></system-out>
         <system-err><![CDATA[]]></system-err>
      </testcase>
      <testcase name="Test Cases/Digital_STPWithAndWithoutAPI/DigitalPotal/ConfirmationPage" time="8.591" classname="Test Cases/Digital_STPWithAndWithoutAPI/DigitalPotal/ConfirmationPage" status="PASSED">
         <system-out><![CDATA[27-06-2024T16:50:36 - [TEST_CASE][PASSED] - Test Cases/Digital_STPWithAndWithoutAPI/DigitalPotal/ConfirmationPage: Test Cases/Digital_STPWithAndWithoutAPI/DigitalPotal/ConfirmationPage

27-06-2024T16:50:36 - [TEST_STEP][PASSED] - autoLoanProtal.confirmationPage.editOnConfirmationPage(): autoLoanProtal.confirmationPage.editOnConfirmationPage is PASSED

27-06-2024T16:50:36 - [MESSAGE][PASSED] - Wait for page load successfully

27-06-2024T16:50:36 - [MESSAGE][PASSED] - Object 'Object Repository/confirmationPage/reviewLoanDetail' is present

27-06-2024T16:50:37 - [MESSAGE][PASSED] - Object 'Object Repository/confirmationPage/autoLoanAppDetailsEditBtn' is clickable

27-06-2024T16:50:37 - [MESSAGE][PASSED] - Object 'Object Repository/confirmationPage/borrowerDetailsEditBtn' is clickable

27-06-2024T16:50:38 - [MESSAGE][PASSED] - Delayed 1 second(s)

27-06-2024T16:50:39 - [MESSAGE][PASSED] - Delayed 1 second(s)

27-06-2024T16:50:40 - [MESSAGE][PASSED] - Delayed 1 second(s)

27-06-2024T16:50:40 - [MESSAGE][PASSED] - Taking screenshot successfully
[[ATTACHMENT|D:\\newRCBCProject\\RCBCLOS_Automation\\Reports\\20240627_164728\\DigitalFlows\\DigitalNSTPVouchingMRAC\\testSuiteForDealerNSTP\\20240627_164733\\Screenshots/Portal27_06_2404_49_01/Regression27_06_24_04_50_39.jpg]]

27-06-2024T16:50:41 - [MESSAGE][PASSED] - Object: 'Object Repository/confirmationPage/continueBtn' is clicked on

27-06-2024T16:50:43 - [MESSAGE][PASSED] - Delayed 1 second(s)

27-06-2024T16:50:43 - [MESSAGE][PASSED] - autoLoanProtal.confirmationPage.editOnConfirmationPage is PASSED

27-06-2024T16:50:45 - [TEST_STEP][PASSED] - Video: Video recording for test case 'Test Cases/Digital_STPWithAndWithoutAPI/DigitalPotal/ConfirmationPage' .

27-06-2024T16:50:45 - [MESSAGE][INFO] - Video recording for test case 'Test Cases/Digital_STPWithAndWithoutAPI/DigitalPotal/ConfirmationPage' .]]></system-out>
         <system-err><![CDATA[]]></system-err>
      </testcase>
      <testcase name="Test Cases/Digital_STPWithAndWithoutAPI/DigitalPotal/InitialCheckingWithAPI" time="7.391" classname="Test Cases/Digital_STPWithAndWithoutAPI/DigitalPotal/InitialCheckingWithAPI" status="PASSED">
         <system-out><![CDATA[27-06-2024T16:50:45 - [TEST_CASE][PASSED] - Test Cases/Digital_STPWithAndWithoutAPI/DigitalPotal/InitialCheckingWithAPI: Test Cases/Digital_STPWithAndWithoutAPI/DigitalPotal/InitialCheckingWithAPI

27-06-2024T16:50:45 - [TEST_STEP][PASSED] - autoLoanProtal.initial_Confirmation.initial_conf(): autoLoanProtal.initial_Confirmation.initial_conf is PASSED

27-06-2024T16:50:45 - [MESSAGE][PASSED] - Wait for page load successfully

27-06-2024T16:50:45 - [MESSAGE][PASSED] - Object 'Object Repository/Initial_Confirmation/oneMoreStep' is present

27-06-2024T16:50:46 - [MESSAGE][PASSED] - Delayed 1 second(s)

27-06-2024T16:50:47 - [MESSAGE][PASSED] - Delayed 1 second(s)

27-06-2024T16:50:48 - [MESSAGE][PASSED] - Delayed 1 second(s)

27-06-2024T16:50:48 - [MESSAGE][PASSED] - Taking screenshot successfully
[[ATTACHMENT|D:\\newRCBCProject\\RCBCLOS_Automation\\Reports\\20240627_164728\\DigitalFlows\\DigitalNSTPVouchingMRAC\\testSuiteForDealerNSTP\\20240627_164733\\Screenshots/Portal27_06_2404_49_01/Regression27_06_24_04_50_47.jpg]]

27-06-2024T16:50:49 - [MESSAGE][PASSED] - Object: 'Object Repository/Initial_Confirmation/okay' is clicked on

27-06-2024T16:50:50 - [MESSAGE][PASSED] - Object 'Object Repository/AdditionalInformationWithoutAPI/additionPageLogo' is present

27-06-2024T16:50:50 - [MESSAGE][INFO] - We are in Addition page

27-06-2024T16:50:50 - [MESSAGE][PASSED] - autoLoanProtal.initial_Confirmation.initial_conf is PASSED

27-06-2024T16:50:52 - [TEST_STEP][PASSED] - Video: Video recording for test case 'Test Cases/Digital_STPWithAndWithoutAPI/DigitalPotal/InitialCheckingWithAPI' .

27-06-2024T16:50:52 - [MESSAGE][INFO] - Video recording for test case 'Test Cases/Digital_STPWithAndWithoutAPI/DigitalPotal/InitialCheckingWithAPI' .]]></system-out>
         <system-err><![CDATA[]]></system-err>
      </testcase>
      <testcase name="Test Cases/Digital_STPWithAndWithoutAPI/DigitalPotal/AdditionalPageWithAPI" time="33.053" classname="Test Cases/Digital_STPWithAndWithoutAPI/DigitalPotal/AdditionalPageWithAPI" status="PASSED">
         <system-out><![CDATA[27-06-2024T16:50:52 - [TEST_CASE][PASSED] - Test Cases/Digital_STPWithAndWithoutAPI/DigitalPotal/AdditionalPageWithAPI: Test Cases/Digital_STPWithAndWithoutAPI/DigitalPotal/AdditionalPageWithAPI

27-06-2024T16:50:52 - [TEST_STEP][PASSED] - autoLoanProtal.AdditionalInformationWithAPI.borrowersDetail(nationality, visaType, sex, occupation, idType, idNumber, accountNumber): autoLoanProtal.AdditionalInformationWithAPI.borrowersDetail is PASSED

27-06-2024T16:50:53 - [MESSAGE][PASSED] - Wait for page load successfully

27-06-2024T16:50:53 - [MESSAGE][PASSED] - Object 'Object Repository/AdditionalInformationWithoutAPI/additionPageLogo' is present

27-06-2024T16:50:53 - [MESSAGE][PASSED] - All options with value '15' are selected in object 'Object Repository/AdditionalInformationWithAPI/BorrowerDetail/nationality' 

27-06-2024T16:50:54 - [MESSAGE][PASSED] - All options with value 'VT05' are selected in object 'Object Repository/AdditionalInformationWithAPI/BorrowerDetail/visaType' 

27-06-2024T16:50:54 - [MESSAGE][PASSED] - All options with value 'M' are selected in object 'Object Repository/AdditionalInformationWithAPI/BorrowerDetail/sex' 

27-06-2024T16:50:54 - [MESSAGE][PASSED] - All options with value 'BL' are selected in object 'Object Repository/AdditionalInformationWithAPI/BorrowerDetail/occupation' 

27-06-2024T16:50:55 - [MESSAGE][PASSED] - All options with index in [1] are selected on object 'Object Repository/AdditionalInformationWithAPI/BorrowerDetail/idType'

27-06-2024T16:50:55 - [MESSAGE][PASSED] - Text '5465475464' is set on object 'Object Repository/AdditionalInformationWithAPI/BorrowerDetail/idNumber'

27-06-2024T16:50:56 - [MESSAGE][PASSED] - Text '0000000017517518' is set on object 'Object Repository/AdditionalInformationWithAPI/BorrowerDetail/currentOrSavingAccountNumberIfAny'

27-06-2024T16:50:57 - [MESSAGE][PASSED] - Delayed 1 second(s)

27-06-2024T16:50:58 - [MESSAGE][PASSED] - Delayed 1 second(s)

27-06-2024T16:50:59 - [MESSAGE][PASSED] - Delayed 1 second(s)

27-06-2024T16:50:59 - [MESSAGE][PASSED] - Taking screenshot successfully
[[ATTACHMENT|D:\\newRCBCProject\\RCBCLOS_Automation\\Reports\\20240627_164728\\DigitalFlows\\DigitalNSTPVouchingMRAC\\testSuiteForDealerNSTP\\20240627_164733\\Screenshots/Portal27_06_2404_49_01/Regression27_06_24_04_50_58.jpg]]

27-06-2024T16:50:59 - [MESSAGE][PASSED] - autoLoanProtal.AdditionalInformationWithAPI.borrowersDetail is PASSED

27-06-2024T16:50:59 - [TEST_STEP][PASSED] - autoLoanProtal.AdditionalInformationWithAPI.homeAddress(country, region, province, townCityMunicipality, barangay, streetName, unitNoBldgNameBldgNoVillageSubdivision): autoLoanProtal.AdditionalInformationWithAPI.homeAddress is PASSED

27-06-2024T16:51:01 - [MESSAGE][PASSED] - All options with value '01' are selected in object 'Object Repository/AdditionalInformationWithAPI/HomeAddress/country' 

27-06-2024T16:51:03 - [MESSAGE][PASSED] - All options with index in [1] are selected on object 'Object Repository/AdditionalInformationWithAPI/HomeAddress/region'

27-06-2024T16:51:04 - [MESSAGE][PASSED] - All options with index in [1] are selected on object 'Object Repository/AdditionalInformationWithAPI/HomeAddress/province'

27-06-2024T16:51:05 - [MESSAGE][PASSED] - All options with index in [1] are selected on object 'Object Repository/AdditionalInformationWithAPI/HomeAddress/townCityMunicipality'

27-06-2024T16:51:06 - [MESSAGE][PASSED] - All options with index in [1] are selected on object 'Object Repository/AdditionalInformationWithAPI/HomeAddress/barangay'

27-06-2024T16:51:07 - [MESSAGE][PASSED] - Text 'Mahape road,MBP' is set on object 'Object Repository/AdditionalInformationWithAPI/HomeAddress/streetName'

27-06-2024T16:51:07 - [MESSAGE][PASSED] - Text 'Rupa Solitaire' is set on object 'Object Repository/AdditionalInformationWithAPI/HomeAddress/unitNoBldgNameBldgNoVillageSubdivision'

27-06-2024T16:51:08 - [MESSAGE][PASSED] - Delayed 1 second(s)

27-06-2024T16:51:09 - [MESSAGE][PASSED] - Delayed 1 second(s)

27-06-2024T16:51:10 - [MESSAGE][PASSED] - Delayed 1 second(s)

27-06-2024T16:51:11 - [MESSAGE][PASSED] - Taking screenshot successfully
[[ATTACHMENT|D:\\newRCBCProject\\RCBCLOS_Automation\\Reports\\20240627_164728\\DigitalFlows\\DigitalNSTPVouchingMRAC\\testSuiteForDealerNSTP\\20240627_164733\\Screenshots/Portal27_06_2404_49_01/Regression27_06_24_04_51_09.jpg]]

27-06-2024T16:51:11 - [MESSAGE][PASSED] - autoLoanProtal.AdditionalInformationWithAPI.homeAddress is PASSED

27-06-2024T16:51:11 - [TEST_STEP][PASSED] - autoLoanProtal.AdditionalInformationWithAPI.coBorrowersDetails(coBorrowerRelationshipWithBorrower, coBorrowerFirstName, coBorrowerMiddleName, coBorrowerLastName, coBorrowerSuffix): autoLoanProtal.AdditionalInformationWithAPI.coBorrowersDetails is PASSED

27-06-2024T16:51:12 - [MESSAGE][PASSED] - All options with value 'S' are selected in object 'Object Repository/AdditionalInformationWithAPI/CoBorrowerDetail/coBorrowerRelationshipWithBorrower' 

27-06-2024T16:51:13 - [MESSAGE][PASSED] - Text 'Sachin' is set on object 'Object Repository/AdditionalInformationWithAPI/CoBorrowerDetail/coBorrowerFirstName'

27-06-2024T16:51:13 - [MESSAGE][PASSED] - Text 'Depak' is set on object 'Object Repository/AdditionalInformationWithAPI/CoBorrowerDetail/coBorrowerMiddleName'

27-06-2024T16:51:14 - [MESSAGE][PASSED] - Text 'Sharma' is set on object 'Object Repository/AdditionalInformationWithAPI/CoBorrowerDetail/coBorrowerLastName'

27-06-2024T16:51:14 - [MESSAGE][PASSED] - All options with value 'SF2' are selected in object 'Object Repository/AdditionalInformationWithAPI/CoBorrowerDetail/coBorrowerSuffix' 

27-06-2024T16:51:15 - [MESSAGE][PASSED] - Delayed 1 second(s)

27-06-2024T16:51:16 - [MESSAGE][PASSED] - Delayed 1 second(s)

27-06-2024T16:51:17 - [MESSAGE][PASSED] - Delayed 1 second(s)

27-06-2024T16:51:17 - [MESSAGE][PASSED] - Taking screenshot successfully
[[ATTACHMENT|D:\\newRCBCProject\\RCBCLOS_Automation\\Reports\\20240627_164728\\DigitalFlows\\DigitalNSTPVouchingMRAC\\testSuiteForDealerNSTP\\20240627_164733\\Screenshots/Portal27_06_2404_49_01/Regression27_06_24_04_51_16.jpg]]

27-06-2024T16:51:19 - [MESSAGE][PASSED] - Object: 'Object Repository/AdditionalInformationWithAPI/continue' is clicked on

27-06-2024T16:51:20 - [MESSAGE][PASSED] - Delayed 1 second(s)

27-06-2024T16:51:23 - [MESSAGE][PASSED] - Object 'Object Repository/UploadYourDocuments/uploadYourDocumentText' is present

27-06-2024T16:51:23 - [MESSAGE][INFO] - We are in Upload Document Page

27-06-2024T16:51:23 - [MESSAGE][PASSED] - autoLoanProtal.AdditionalInformationWithAPI.coBorrowersDetails is PASSED

27-06-2024T16:51:25 - [TEST_STEP][PASSED] - Video: Video recording for test case 'Test Cases/Digital_STPWithAndWithoutAPI/DigitalPotal/AdditionalPageWithAPI' .

27-06-2024T16:51:25 - [MESSAGE][INFO] - Video recording for test case 'Test Cases/Digital_STPWithAndWithoutAPI/DigitalPotal/AdditionalPageWithAPI' .]]></system-out>
         <system-err><![CDATA[]]></system-err>
      </testcase>
      <testcase name="Test Cases/Digital_STPWithAndWithoutAPI/DigitalPotal/DocumentUploadPageWithout" time="93.213" classname="Test Cases/Digital_STPWithAndWithoutAPI/DigitalPotal/DocumentUploadPageWithout" status="PASSED">
         <system-out><![CDATA[27-06-2024T16:51:25 - [TEST_CASE][PASSED] - Test Cases/Digital_STPWithAndWithoutAPI/DigitalPotal/DocumentUploadPageWithout: Test Cases/Digital_STPWithAndWithoutAPI/DigitalPotal/DocumentUploadPageWithout

27-06-2024T16:51:25 - [TEST_STEP][PASSED] - autoLoanProtal.UploadYourDocuments.uploadYourDocumentsPage(): autoLoanProtal.UploadYourDocuments.uploadYourDocumentsPage is PASSED

27-06-2024T16:51:25 - [MESSAGE][PASSED] - Object 'Object Repository/UploadYourDocuments/uploadYourDocumentText' is present

27-06-2024T16:51:27 - [MESSAGE][PASSED] - Delayed 1 second(s)

27-06-2024T16:51:28 - [MESSAGE][PASSED] - Delayed 1 second(s)

27-06-2024T16:51:29 - [MESSAGE][PASSED] - Delayed 1 second(s)

27-06-2024T16:51:29 - [MESSAGE][PASSED] - Taking screenshot successfully
[[ATTACHMENT|D:\\newRCBCProject\\RCBCLOS_Automation\\Reports\\20240627_164728\\DigitalFlows\\DigitalNSTPVouchingMRAC\\testSuiteForDealerNSTP\\20240627_164733\\Screenshots/Portal27_06_2404_49_01/Regression27_06_24_04_51_28.jpg]]

27-06-2024T16:51:30 - [MESSAGE][PASSED] - All options with index in [1] are selected on object 'Object Repository/UploadYourDocuments/validId_selectIdType'

27-06-2024T16:51:30 - [MESSAGE][PASSED] - Current window's index is: 0

27-06-2024T16:51:31 - [MESSAGE][PASSED] - Object: 'Object Repository/UploadYourDocuments/uploadFile_Btn' is clicked on

27-06-2024T16:51:32 - [MESSAGE][PASSED] - Delayed 1 second(s)

27-06-2024T16:51:32 - [MESSAGE][PASSED] - Switched to window with index: '1'

27-06-2024T16:51:33 - [MESSAGE][PASSED] - Delayed 1 second(s)

27-06-2024T16:51:33 - [MESSAGE][PASSED] - Wait for page load successfully

27-06-2024T16:51:33 - [MESSAGE][PASSED] - File 'D:\newRCBCProject\RCBCLOS_Automation\Document\Katalon_WebObjects.pdf' sent to object: 'Object Repository/UploadYourDocuments/browseFile'

27-06-2024T16:51:34 - [MESSAGE][PASSED] - Delayed 1 second(s)

27-06-2024T16:51:35 - [MESSAGE][PASSED] - Object: 'Object Repository/UploadYourDocuments/ValidID/documentType' is clicked on

27-06-2024T16:51:35 - [MESSAGE][PASSED] - All options with value 'ID Type Documents' are selected in object 'Object Repository/UploadYourDocuments/ValidID/documentType' 

27-06-2024T16:51:36 - [MESSAGE][PASSED] - Object: 'Object Repository/UploadYourDocuments/ValidID/uploadBtn' is clicked on

27-06-2024T16:51:39 - [MESSAGE][PASSED] - Delayed 3 second(s)

27-06-2024T16:51:39 - [MESSAGE][PASSED] - Window with index 1 is closed

27-06-2024T16:51:39 - [MESSAGE][PASSED] - Switched to window with index: '0'

27-06-2024T16:51:39 - [MESSAGE][PASSED] - Current window's index is: 0

27-06-2024T16:51:41 - [MESSAGE][PASSED] - Delayed 2 second(s)

27-06-2024T16:51:41 - [MESSAGE][PASSED] - Object: 'Object Repository/UploadYourDocuments/IdDocViewButton' is clicked on

27-06-2024T16:51:41 - [MESSAGE][PASSED] - Switched to window with index: '1'

27-06-2024T16:51:44 - [MESSAGE][PASSED] - Delayed 3 second(s)

27-06-2024T16:51:45 - [MESSAGE][PASSED] - Delayed 1 second(s)

27-06-2024T16:51:46 - [MESSAGE][PASSED] - Delayed 1 second(s)

27-06-2024T16:51:47 - [MESSAGE][PASSED] - Taking screenshot successfully
[[ATTACHMENT|D:\\newRCBCProject\\RCBCLOS_Automation\\Reports\\20240627_164728\\DigitalFlows\\DigitalNSTPVouchingMRAC\\testSuiteForDealerNSTP\\20240627_164733\\Screenshots/Portal27_06_2404_49_01/Regression27_06_24_04_51_45.jpg]]

27-06-2024T16:51:50 - [MESSAGE][PASSED] - Delayed 3 second(s)

27-06-2024T16:51:50 - [MESSAGE][PASSED] - Window with index 1 is closed

27-06-2024T16:51:50 - [MESSAGE][PASSED] - Switched to window with index: '0'

27-06-2024T16:51:51 - [MESSAGE][PASSED] - All options with index in [1] are selected on object 'Object Repository/UploadYourDocuments/incomeDocument_selectIdType'

27-06-2024T16:51:52 - [MESSAGE][PASSED] - Delayed 1 second(s)

27-06-2024T16:51:52 - [MESSAGE][PASSED] - Current window's index is: 0

27-06-2024T16:51:52 - [MESSAGE][PASSED] - Object: 'Object Repository/UploadYourDocuments/uploadFile_Btn1' is clicked on

27-06-2024T16:51:53 - [MESSAGE][PASSED] - Delayed 1 second(s)

27-06-2024T16:51:53 - [MESSAGE][PASSED] - Switched to window with index: '1'

27-06-2024T16:51:55 - [MESSAGE][PASSED] - Delayed 1 second(s)

27-06-2024T16:51:55 - [MESSAGE][PASSED] - Wait for page load successfully

27-06-2024T16:51:55 - [MESSAGE][PASSED] - File 'D:\newRCBCProject\RCBCLOS_Automation\Document\Katalon_WebObjects.pdf' sent to object: 'Object Repository/UploadYourDocuments/browseFile'

27-06-2024T16:51:56 - [MESSAGE][PASSED] - Delayed 1 second(s)

27-06-2024T16:51:56 - [MESSAGE][PASSED] - Object: 'Object Repository/UploadYourDocuments/ValidID/documentType' is clicked on

27-06-2024T16:51:56 - [MESSAGE][PASSED] - All options with value 'Income Documents' are selected in object 'Object Repository/UploadYourDocuments/ValidID/documentType' 

27-06-2024T16:51:57 - [MESSAGE][PASSED] - Object: 'Object Repository/UploadYourDocuments/ValidID/uploadBtn' is clicked on

27-06-2024T16:52:00 - [MESSAGE][PASSED] - Delayed 3 second(s)

27-06-2024T16:52:00 - [MESSAGE][PASSED] - Window with index 1 is closed

27-06-2024T16:52:00 - [MESSAGE][PASSED] - Switched to window with index: '0'

27-06-2024T16:52:00 - [MESSAGE][PASSED] - Current window's index is: 0

27-06-2024T16:52:02 - [MESSAGE][PASSED] - Delayed 2 second(s)

27-06-2024T16:52:02 - [MESSAGE][PASSED] - Object: 'Object Repository/UploadYourDocuments/IncomeDocViewBtn' is clicked on

27-06-2024T16:52:02 - [MESSAGE][PASSED] - Switched to window with index: '1'

27-06-2024T16:52:05 - [MESSAGE][PASSED] - Delayed 3 second(s)

27-06-2024T16:52:06 - [MESSAGE][PASSED] - Delayed 1 second(s)

27-06-2024T16:52:07 - [MESSAGE][PASSED] - Delayed 1 second(s)

27-06-2024T16:52:07 - [MESSAGE][PASSED] - Taking screenshot successfully
[[ATTACHMENT|D:\\newRCBCProject\\RCBCLOS_Automation\\Reports\\20240627_164728\\DigitalFlows\\DigitalNSTPVouchingMRAC\\testSuiteForDealerNSTP\\20240627_164733\\Screenshots/Portal27_06_2404_49_01/Regression27_06_24_04_52_06.jpg]]

27-06-2024T16:52:10 - [MESSAGE][PASSED] - Delayed 3 second(s)

27-06-2024T16:52:11 - [MESSAGE][PASSED] - Window with index 1 is closed

27-06-2024T16:52:11 - [MESSAGE][PASSED] - Switched to window with index: '0'

27-06-2024T16:52:11 - [MESSAGE][PASSED] - Scroll to object 'Object Repository/UploadYourDocuments/nextBtn' successfully

27-06-2024T16:52:12 - [MESSAGE][PASSED] - Delayed 1 second(s)

27-06-2024T16:52:12 - [MESSAGE][PASSED] - Current window's index is: 0

27-06-2024T16:52:13 - [MESSAGE][PASSED] - Object: 'Object Repository/UploadYourDocuments/uploadFile_Btn2' is clicked on

27-06-2024T16:52:14 - [MESSAGE][PASSED] - Delayed 1 second(s)

27-06-2024T16:52:14 - [MESSAGE][PASSED] - Switched to window with index: '1'

27-06-2024T16:52:15 - [MESSAGE][PASSED] - Delayed 1 second(s)

27-06-2024T16:52:15 - [MESSAGE][PASSED] - Wait for page load successfully

27-06-2024T16:52:15 - [MESSAGE][PASSED] - File 'D:\newRCBCProject\RCBCLOS_Automation\Document\Katalon_WebObjects.pdf' sent to object: 'Object Repository/UploadYourDocuments/browseFile'

27-06-2024T16:52:16 - [MESSAGE][PASSED] - Delayed 1 second(s)

27-06-2024T16:52:16 - [MESSAGE][PASSED] - Object: 'Object Repository/UploadYourDocuments/ValidID/documentType' is clicked on

27-06-2024T16:52:17 - [MESSAGE][PASSED] - All options with value 'Loan Application Documents' are selected in object 'Object Repository/UploadYourDocuments/ValidID/documentType' 

27-06-2024T16:52:17 - [MESSAGE][PASSED] - Object: 'Object Repository/UploadYourDocuments/ValidID/uploadBtn' is clicked on

27-06-2024T16:52:20 - [MESSAGE][PASSED] - Delayed 3 second(s)

27-06-2024T16:52:20 - [MESSAGE][PASSED] - Window with index 1 is closed

27-06-2024T16:52:20 - [MESSAGE][PASSED] - Switched to window with index: '0'

27-06-2024T16:52:20 - [MESSAGE][PASSED] - Current window's index is: 0

27-06-2024T16:52:22 - [MESSAGE][PASSED] - Delayed 2 second(s)

27-06-2024T16:52:23 - [MESSAGE][PASSED] - Object: 'Object Repository/UploadYourDocuments/LoanApplicationDocViewBtn' is clicked on

27-06-2024T16:52:23 - [MESSAGE][PASSED] - Switched to window with index: '1'

27-06-2024T16:52:26 - [MESSAGE][PASSED] - Delayed 3 second(s)

27-06-2024T16:52:27 - [MESSAGE][PASSED] - Delayed 1 second(s)

27-06-2024T16:52:28 - [MESSAGE][PASSED] - Delayed 1 second(s)

27-06-2024T16:52:28 - [MESSAGE][PASSED] - Taking screenshot successfully
[[ATTACHMENT|D:\\newRCBCProject\\RCBCLOS_Automation\\Reports\\20240627_164728\\DigitalFlows\\DigitalNSTPVouchingMRAC\\testSuiteForDealerNSTP\\20240627_164733\\Screenshots/Portal27_06_2404_49_01/Regression27_06_24_04_52_27.jpg]]

27-06-2024T16:52:31 - [MESSAGE][PASSED] - Delayed 3 second(s)

27-06-2024T16:52:31 - [MESSAGE][PASSED] - Window with index 1 is closed

27-06-2024T16:52:31 - [MESSAGE][PASSED] - Switched to window with index: '0'

27-06-2024T16:52:32 - [MESSAGE][PASSED] - Delayed 1 second(s)

27-06-2024T16:52:33 - [MESSAGE][PASSED] - Delayed 1 second(s)

27-06-2024T16:52:34 - [MESSAGE][PASSED] - Delayed 1 second(s)

27-06-2024T16:52:34 - [MESSAGE][PASSED] - Taking screenshot successfully
[[ATTACHMENT|D:\\newRCBCProject\\RCBCLOS_Automation\\Reports\\20240627_164728\\DigitalFlows\\DigitalNSTPVouchingMRAC\\testSuiteForDealerNSTP\\20240627_164733\\Screenshots/Portal27_06_2404_49_01/Regression27_06_24_04_52_33.jpg]]

27-06-2024T16:52:35 - [MESSAGE][PASSED] - Object 'Object Repository/UploadYourDocuments/backBtn' is clickable

27-06-2024T16:52:56 - [MESSAGE][PASSED] - Object: 'Object Repository/UploadYourDocuments/nextBtn' is clicked on

27-06-2024T16:52:56 - [MESSAGE][PASSED] - autoLoanProtal.UploadYourDocuments.uploadYourDocumentsPage is PASSED

27-06-2024T16:52:58 - [TEST_STEP][PASSED] - Video: Video recording for test case 'Test Cases/Digital_STPWithAndWithoutAPI/DigitalPotal/DocumentUploadPageWithout' .

27-06-2024T16:52:58 - [MESSAGE][INFO] - Video recording for test case 'Test Cases/Digital_STPWithAndWithoutAPI/DigitalPotal/DocumentUploadPageWithout' .]]></system-out>
         <system-err><![CDATA[]]></system-err>
      </testcase>
      <testcase name="Test Cases/Digital_NSTP/NSTPPortal/SubmitPageProceedToBackOffice" time="13.272" classname="Test Cases/Digital_NSTP/NSTPPortal/SubmitPageProceedToBackOffice" status="PASSED">
         <system-out><![CDATA[27-06-2024T16:52:58 - [TEST_CASE][PASSED] - Test Cases/Digital_NSTP/NSTPPortal/SubmitPageProceedToBackOffice: Test Cases/Digital_NSTP/NSTPPortal/SubmitPageProceedToBackOffice

27-06-2024T16:52:59 - [TEST_STEP][PASSED] - autoLoanProtal.SubmitPage.proceedToPreReleaseFunNSTP(): autoLoanProtal.SubmitPage.proceedToPreReleaseFunNSTP is PASSED

27-06-2024T16:53:00 - [MESSAGE][PASSED] - Wait for page load successfully

27-06-2024T16:53:00 - [MESSAGE][PASSED] - Object 'Object Repository/SubmitPage/submitPageNSTP' is present

27-06-2024T16:53:02 - [MESSAGE][PASSED] - Delayed 2 second(s)

27-06-2024T16:53:03 - [MESSAGE][PASSED] - Delayed 1 second(s)

27-06-2024T16:53:04 - [MESSAGE][PASSED] - Delayed 1 second(s)

27-06-2024T16:53:05 - [MESSAGE][PASSED] - Taking screenshot successfully
[[ATTACHMENT|D:\\newRCBCProject\\RCBCLOS_Automation\\Reports\\20240627_164728\\DigitalFlows\\DigitalNSTPVouchingMRAC\\testSuiteForDealerNSTP\\20240627_164733\\Screenshots/Portal27_06_2404_49_01/Regression27_06_24_04_53_03.jpg]]

27-06-2024T16:53:05 - [MESSAGE][PASSED] - Object: 'Object Repository/SubmitPage/goToBackOffice' is clicked on

27-06-2024T16:53:10 - [MESSAGE][PASSED] - Delayed 5 second(s)

27-06-2024T16:53:10 - [MESSAGE][PASSED] - autoLoanProtal.SubmitPage.proceedToPreReleaseFunNSTP is PASSED

27-06-2024T16:53:12 - [TEST_STEP][PASSED] - Video: Video recording for test case 'Test Cases/Digital_NSTP/NSTPPortal/SubmitPageProceedToBackOffice' .

27-06-2024T16:53:12 - [MESSAGE][INFO] - Video recording for test case 'Test Cases/Digital_NSTP/NSTPPortal/SubmitPageProceedToBackOffice' .]]></system-out>
         <system-err><![CDATA[]]></system-err>
      </testcase>
      <system-out><![CDATA[27-06-2024T16:48:14 - [TEST_SUITE][FAILED] - testSuiteForDealerNSTP: Test Cases/Digital_STPWithAndWithoutAPI/DigitalPotal/LoginPage FAILED.
Reason:
com.kms.katalon.core.exception.StepFailedException: com.kms.katalon.core.webui.exception.WebElementNotFoundException: Web element with id: 'Object Repository/HomePage/Auto_Loan_Portal' located by '//button[@id='Tile3-true']' not found (Root cause: com.kms.katalon.core.exception.StepFailedException: com.kms.katalon.core.webui.exception.WebElementNotFoundException: Web element with id: 'Object Repository/HomePage/Auto_Loan_Portal' located by '//button[@id='Tile3-true']' not found
	at com.kms.katalon.core.webui.keyword.internal.WebUIKeywordMain.stepFailed(WebUIKeywordMain.groovy:64)
	at com.kms.katalon.core.webui.keyword.builtin.VerifyElementPresentKeyword$_verifyElementPresent_closure1.doCall(VerifyElementPresentKeyword.groovy:85)
	at com.kms.katalon.core.webui.keyword.builtin.VerifyElementPresentKeyword$_verifyElementPresent_closure1.call(VerifyElementPresentKeyword.groovy)
	at com.kms.katalon.core.webui.keyword.internal.WebUIKeywordMain.runKeyword(WebUIKeywordMain.groovy:20)
	at com.kms.katalon.core.webui.keyword.builtin.VerifyElementPresentKeyword.verifyElementPresent(VerifyElementPresentKeyword.groovy:92)
	at com.kms.katalon.core.webui.keyword.builtin.VerifyElementPresentKeyword.execute(VerifyElementPresentKeyword.groovy:68)
	at com.kms.katalon.core.keyword.internal.KeywordExecutor.executeKeywordForPlatform(KeywordExecutor.groovy:74)
	at com.kms.katalon.core.webui.keyword.WebUiBuiltInKeywords.verifyElementPresent(WebUiBuiltInKeywords.groovy:1503)
	at loginPage.LoginPage.login_Page(LoginPage.groovy:43)
	at java.base/jdk.internal.reflect.NativeMethodAccessorImpl.invoke0(Native Method)
	at java.base/jdk.internal.reflect.NativeMethodAccessorImpl.invoke(NativeMethodAccessorImpl.java:77)
	at java.base/jdk.internal.reflect.DelegatingMethodAccessorImpl.invoke(DelegatingMethodAccessorImpl.java:43)
	at com.kms.katalon.core.main.CustomKeywordDelegatingMetaClass.invokeStaticMethod(CustomKeywordDelegatingMetaClass.java:55)
	at LoginPage.run(LoginPage:20)
	at com.kms.katalon.core.main.ScriptEngine.run(ScriptEngine.java:194)
	at com.kms.katalon.core.main.ScriptEngine.runScriptAsRawText(ScriptEngine.java:119)
	at com.kms.katalon.core.main.TestCaseExecutor.runScript(TestCaseExecutor.java:448)
	at com.kms.katalon.core.main.TestCaseExecutor.doExecute(TestCaseExecutor.java:439)
	at com.kms.katalon.core.main.TestCaseExecutor.processExecutionPhase(TestCaseExecutor.java:418)
	at com.kms.katalon.core.main.TestCaseExecutor.accessMainPhase(TestCaseExecutor.java:410)
	at com.kms.katalon.core.main.TestCaseExecutor.execute(TestCaseExecutor.java:285)
	at com.kms.katalon.core.common.CommonExecutor.accessTestCaseMainPhase(CommonExecutor.java:65)
	at com.kms.katalon.core.main.TestSuiteExecutor.accessTestSuiteMainPhase(TestSuiteExecutor.java:150)
	at com.kms.katalon.core.main.TestSuiteExecutor.execute(TestSuiteExecutor.java:106)
	at com.kms.katalon.core.main.TestCaseMain.startTestSuite(TestCaseMain.java:180)
	at TempTestSuite1719487053185.run(TempTestSuite1719487053185.groovy:35)
	at java.base/jdk.internal.reflect.NativeMethodAccessorImpl.invoke0(Native Method)
	at java.base/jdk.internal.reflect.NativeMethodAccessorImpl.invoke(NativeMethodAccessorImpl.java:77)
	at java.base/jdk.internal.reflect.DelegatingMethodAccessorImpl.invoke(DelegatingMethodAccessorImpl.java:43)
)
	at com.kms.katalon.core.keyword.internal.KeywordMain.stepFailed(KeywordMain.groovy:39)
	at com.kms.katalon.core.webui.keyword.internal.WebUIKeywordMain.stepFailed(WebUIKeywordMain.groovy:64)
	at com.kms.katalon.core.webui.keyword.builtin.VerifyElementPresentKeyword$_verifyElementPresent_closure1.doCall(VerifyElementPresentKeyword.groovy:85)
	at com.kms.katalon.core.webui.keyword.builtin.VerifyElementPresentKeyword$_verifyElementPresent_closure1.call(VerifyElementPresentKeyword.groovy)
	at com.kms.katalon.core.webui.keyword.internal.WebUIKeywordMain.runKeyword(WebUIKeywordMain.groovy:20)
	at com.kms.katalon.core.webui.keyword.builtin.VerifyElementPresentKeyword.verifyElementPresent(VerifyElementPresentKeyword.groovy:92)
	at com.kms.katalon.core.webui.keyword.builtin.VerifyElementPresentKeyword.execute(VerifyElementPresentKeyword.groovy:68)
	at com.kms.katalon.core.keyword.internal.KeywordExecutor.executeKeywordForPlatform(KeywordExecutor.groovy:74)
	at com.kms.katalon.core.webui.keyword.WebUiBuiltInKeywords.verifyElementPresent(WebUiBuiltInKeywords.groovy:1503)
	at loginPage.LoginPage.login_Page(LoginPage.groovy:43)
	at java.base/jdk.internal.reflect.NativeMethodAccessorImpl.invoke0(Native Method)
	at java.base/jdk.internal.reflect.NativeMethodAccessorImpl.invoke(NativeMethodAccessorImpl.java:77)
	at java.base/jdk.internal.reflect.DelegatingMethodAccessorImpl.invoke(DelegatingMethodAccessorImpl.java:43)
	at com.kms.katalon.core.main.CustomKeywordDelegatingMetaClass.invokeStaticMethod(CustomKeywordDelegatingMetaClass.java:55)
	at LoginPage.run(LoginPage:20)
	at com.kms.katalon.core.main.ScriptEngine.run(ScriptEngine.java:194)
	at com.kms.katalon.core.main.ScriptEngine.runScriptAsRawText(ScriptEngine.java:119)
	at com.kms.katalon.core.main.TestCaseExecutor.runScript(TestCaseExecutor.java:448)
	at com.kms.katalon.core.main.TestCaseExecutor.doExecute(TestCaseExecutor.java:439)
	at com.kms.katalon.core.main.TestCaseExecutor.processExecutionPhase(TestCaseExecutor.java:418)
	at com.kms.katalon.core.main.TestCaseExecutor.accessMainPhase(TestCaseExecutor.java:410)
	at com.kms.katalon.core.main.TestCaseExecutor.execute(TestCaseExecutor.java:285)
	at com.kms.katalon.core.common.CommonExecutor.accessTestCaseMainPhase(CommonExecutor.java:65)
	at com.kms.katalon.core.main.TestSuiteExecutor.accessTestSuiteMainPhase(TestSuiteExecutor.java:150)
	at com.kms.katalon.core.main.TestSuiteExecutor.execute(TestSuiteExecutor.java:106)
	at com.kms.katalon.core.main.TestCaseMain.startTestSuite(TestCaseMain.java:180)
	at TempTestSuite1719487053185.run(TempTestSuite1719487053185.groovy:35)
	at java.base/jdk.internal.reflect.NativeMethodAccessorImpl.invoke0(Native Method)
	at java.base/jdk.internal.reflect.NativeMethodAccessorImpl.invoke(NativeMethodAccessorImpl.java:77)
	at java.base/jdk.internal.reflect.DelegatingMethodAccessorImpl.invoke(DelegatingMethodAccessorImpl.java:43)
Caused by: com.kms.katalon.core.exception.StepFailedException: com.kms.katalon.core.webui.exception.WebElementNotFoundException: Web element with id: 'Object Repository/HomePage/Auto_Loan_Portal' located by '//button[@id='Tile3-true']' not found
	... 29 more]]></system-out>
      <system-err><![CDATA[27-06-2024T16:48:14 - [TEST_SUITE][FAILED] - testSuiteForDealerNSTP: Test Cases/Digital_STPWithAndWithoutAPI/DigitalPotal/LoginPage FAILED.
Reason:
com.kms.katalon.core.exception.StepFailedException: com.kms.katalon.core.webui.exception.WebElementNotFoundException: Web element with id: 'Object Repository/HomePage/Auto_Loan_Portal' located by '//button[@id='Tile3-true']' not found (Root cause: com.kms.katalon.core.exception.StepFailedException: com.kms.katalon.core.webui.exception.WebElementNotFoundException: Web element with id: 'Object Repository/HomePage/Auto_Loan_Portal' located by '//button[@id='Tile3-true']' not found
	at com.kms.katalon.core.webui.keyword.internal.WebUIKeywordMain.stepFailed(WebUIKeywordMain.groovy:64)
	at com.kms.katalon.core.webui.keyword.builtin.VerifyElementPresentKeyword$_verifyElementPresent_closure1.doCall(VerifyElementPresentKeyword.groovy:85)
	at com.kms.katalon.core.webui.keyword.builtin.VerifyElementPresentKeyword$_verifyElementPresent_closure1.call(VerifyElementPresentKeyword.groovy)
	at com.kms.katalon.core.webui.keyword.internal.WebUIKeywordMain.runKeyword(WebUIKeywordMain.groovy:20)
	at com.kms.katalon.core.webui.keyword.builtin.VerifyElementPresentKeyword.verifyElementPresent(VerifyElementPresentKeyword.groovy:92)
	at com.kms.katalon.core.webui.keyword.builtin.VerifyElementPresentKeyword.execute(VerifyElementPresentKeyword.groovy:68)
	at com.kms.katalon.core.keyword.internal.KeywordExecutor.executeKeywordForPlatform(KeywordExecutor.groovy:74)
	at com.kms.katalon.core.webui.keyword.WebUiBuiltInKeywords.verifyElementPresent(WebUiBuiltInKeywords.groovy:1503)
	at loginPage.LoginPage.login_Page(LoginPage.groovy:43)
	at java.base/jdk.internal.reflect.NativeMethodAccessorImpl.invoke0(Native Method)
	at java.base/jdk.internal.reflect.NativeMethodAccessorImpl.invoke(NativeMethodAccessorImpl.java:77)
	at java.base/jdk.internal.reflect.DelegatingMethodAccessorImpl.invoke(DelegatingMethodAccessorImpl.java:43)
	at com.kms.katalon.core.main.CustomKeywordDelegatingMetaClass.invokeStaticMethod(CustomKeywordDelegatingMetaClass.java:55)
	at LoginPage.run(LoginPage:20)
	at com.kms.katalon.core.main.ScriptEngine.run(ScriptEngine.java:194)
	at com.kms.katalon.core.main.ScriptEngine.runScriptAsRawText(ScriptEngine.java:119)
	at com.kms.katalon.core.main.TestCaseExecutor.runScript(TestCaseExecutor.java:448)
	at com.kms.katalon.core.main.TestCaseExecutor.doExecute(TestCaseExecutor.java:439)
	at com.kms.katalon.core.main.TestCaseExecutor.processExecutionPhase(TestCaseExecutor.java:418)
	at com.kms.katalon.core.main.TestCaseExecutor.accessMainPhase(TestCaseExecutor.java:410)
	at com.kms.katalon.core.main.TestCaseExecutor.execute(TestCaseExecutor.java:285)
	at com.kms.katalon.core.common.CommonExecutor.accessTestCaseMainPhase(CommonExecutor.java:65)
	at com.kms.katalon.core.main.TestSuiteExecutor.accessTestSuiteMainPhase(TestSuiteExecutor.java:150)
	at com.kms.katalon.core.main.TestSuiteExecutor.execute(TestSuiteExecutor.java:106)
	at com.kms.katalon.core.main.TestCaseMain.startTestSuite(TestCaseMain.java:180)
	at TempTestSuite1719487053185.run(TempTestSuite1719487053185.groovy:35)
	at java.base/jdk.internal.reflect.NativeMethodAccessorImpl.invoke0(Native Method)
	at java.base/jdk.internal.reflect.NativeMethodAccessorImpl.invoke(NativeMethodAccessorImpl.java:77)
	at java.base/jdk.internal.reflect.DelegatingMethodAccessorImpl.invoke(DelegatingMethodAccessorImpl.java:43)
)
	at com.kms.katalon.core.keyword.internal.KeywordMain.stepFailed(KeywordMain.groovy:39)
	at com.kms.katalon.core.webui.keyword.internal.WebUIKeywordMain.stepFailed(WebUIKeywordMain.groovy:64)
	at com.kms.katalon.core.webui.keyword.builtin.VerifyElementPresentKeyword$_verifyElementPresent_closure1.doCall(VerifyElementPresentKeyword.groovy:85)
	at com.kms.katalon.core.webui.keyword.builtin.VerifyElementPresentKeyword$_verifyElementPresent_closure1.call(VerifyElementPresentKeyword.groovy)
	at com.kms.katalon.core.webui.keyword.internal.WebUIKeywordMain.runKeyword(WebUIKeywordMain.groovy:20)
	at com.kms.katalon.core.webui.keyword.builtin.VerifyElementPresentKeyword.verifyElementPresent(VerifyElementPresentKeyword.groovy:92)
	at com.kms.katalon.core.webui.keyword.builtin.VerifyElementPresentKeyword.execute(VerifyElementPresentKeyword.groovy:68)
	at com.kms.katalon.core.keyword.internal.KeywordExecutor.executeKeywordForPlatform(KeywordExecutor.groovy:74)
	at com.kms.katalon.core.webui.keyword.WebUiBuiltInKeywords.verifyElementPresent(WebUiBuiltInKeywords.groovy:1503)
	at loginPage.LoginPage.login_Page(LoginPage.groovy:43)
	at java.base/jdk.internal.reflect.NativeMethodAccessorImpl.invoke0(Native Method)
	at java.base/jdk.internal.reflect.NativeMethodAccessorImpl.invoke(NativeMethodAccessorImpl.java:77)
	at java.base/jdk.internal.reflect.DelegatingMethodAccessorImpl.invoke(DelegatingMethodAccessorImpl.java:43)
	at com.kms.katalon.core.main.CustomKeywordDelegatingMetaClass.invokeStaticMethod(CustomKeywordDelegatingMetaClass.java:55)
	at LoginPage.run(LoginPage:20)
	at com.kms.katalon.core.main.ScriptEngine.run(ScriptEngine.java:194)
	at com.kms.katalon.core.main.ScriptEngine.runScriptAsRawText(ScriptEngine.java:119)
	at com.kms.katalon.core.main.TestCaseExecutor.runScript(TestCaseExecutor.java:448)
	at com.kms.katalon.core.main.TestCaseExecutor.doExecute(TestCaseExecutor.java:439)
	at com.kms.katalon.core.main.TestCaseExecutor.processExecutionPhase(TestCaseExecutor.java:418)
	at com.kms.katalon.core.main.TestCaseExecutor.accessMainPhase(TestCaseExecutor.java:410)
	at com.kms.katalon.core.main.TestCaseExecutor.execute(TestCaseExecutor.java:285)
	at com.kms.katalon.core.common.CommonExecutor.accessTestCaseMainPhase(CommonExecutor.java:65)
	at com.kms.katalon.core.main.TestSuiteExecutor.accessTestSuiteMainPhase(TestSuiteExecutor.java:150)
	at com.kms.katalon.core.main.TestSuiteExecutor.execute(TestSuiteExecutor.java:106)
	at com.kms.katalon.core.main.TestCaseMain.startTestSuite(TestCaseMain.java:180)
	at TempTestSuite1719487053185.run(TempTestSuite1719487053185.groovy:35)
	at java.base/jdk.internal.reflect.NativeMethodAccessorImpl.invoke0(Native Method)
	at java.base/jdk.internal.reflect.NativeMethodAccessorImpl.invoke(NativeMethodAccessorImpl.java:77)
	at java.base/jdk.internal.reflect.DelegatingMethodAccessorImpl.invoke(DelegatingMethodAccessorImpl.java:43)
Caused by: com.kms.katalon.core.exception.StepFailedException: com.kms.katalon.core.webui.exception.WebElementNotFoundException: Web element with id: 'Object Repository/HomePage/Auto_Loan_Portal' located by '//button[@id='Tile3-true']' not found
	... 29 more]]></system-err>
   </testsuite>
</testsuites>
